<?xml version="1.0" encoding="UTF-8" ?>
<testsuite errors="0" failures="0" hostname="C569TY1" name="cryptmeme.CryptMemeKeyPairTests" tests="1" time="1.294" timestamp="2014-03-15T15:30:59">
  <properties />
  <testcase classname="cryptmeme.CryptMemeKeyPairTests" name="testSomething" time="1.262" />
  <system-out><![CDATA[--Output from testSomething--
Encrypted:
È-ZÃ“¯?I×Ë7&‰b•\ú?øì?öˆÖ05™{ÜQ¨÷èðº,”Û~ÅÕ–[¬Z›ÆÉUu|²‰ÊvEL¾.!)O{›zXh9Q‚SÒ1ËrigBcO«Tt<¤z1¡A{N³{<?°Ù©\ËU‹È‚ÎZ¬—~nÛØ

Signature:
NðëÅo\Ÿ?§êUºöÌ¶yaÊ©í³Ø7%ž´PA9‹À~“+ŒDk I+dî/žh§GàÄ‘w$Z)#†”{yßFÏ8K.:^ák?ŽeF½œi”¾ÆŽÏ¦°~‡´€3­£ÎÜ1É?9’G‹rY>qìeºßD.4K|}ÖU

Public Key:
rO0ABXNyABRqYXZhLm1hdGguQmlnSW50ZWdlcoz8nx+pO/sdAwAGSQAIYml0Q291bnRJAAliaXRMZW5ndGhJABNmaXJzdE5vbnplcm9CeXRlTnVtSQAMbG93ZXN0U2V0Qml0SQAGc2lnbnVtWwAJbWFnbml0dWRldAACW0J4cgAQamF2YS5sYW5nLk51bWJlcoaslR0LlOCLAgAAeHD///////////////7////+AAAAAXVyAAJbQqzzF/gGCFTgAgAAeHAAAACAhgv4/vROdh3BWsjz1//5uRFBoZfCzKqnJLF+qOdtTNUu2SxBQhteSQS+9YF9JKB1NPK72MqujfBDxVlmdC23pHkvM5ZinKpTZgrD/BymXHEzgQ7YAEckv6n6E06I7WB6d33U4mhNolwEdqXJDVivJzM/L73PFgrfKBnGZe5b0FV4c3EAfgAA///////////////+/////gAAAAF1cQB+AAQAAAADAQABeA==

Decrypted:
This is a test!]]></system-out>
  <system-err><![CDATA[--Output from testSomething--
]]></system-err>
</testsuite>
